[2023-06-01 21:54:39Z INFO HostContext] No proxy settings were found based on environmental variables (http_proxy/https_proxy/HTTP_PROXY/HTTPS_PROXY)
[2023-06-01 21:54:39Z INFO HostContext] Well known directory 'Bin': 'D:\Projects\projets-ci-cd\github-actions-ci-cd-workflow\actions-runner\bin'
[2023-06-01 21:54:39Z INFO HostContext] Well known directory 'Root': 'D:\Projects\projets-ci-cd\github-actions-ci-cd-workflow\actions-runner'
[2023-06-01 21:54:39Z INFO HostContext] Well known config file 'Credentials': 'D:\Projects\projets-ci-cd\github-actions-ci-cd-workflow\actions-runner\.credentials'
[2023-06-01 21:54:39Z INFO HostContext] Well known directory 'Bin': 'D:\Projects\projets-ci-cd\github-actions-ci-cd-workflow\actions-runner\bin'
[2023-06-01 21:54:39Z INFO HostContext] Well known directory 'Root': 'D:\Projects\projets-ci-cd\github-actions-ci-cd-workflow\actions-runner'
[2023-06-01 21:54:39Z INFO HostContext] Well known config file 'Runner': 'D:\Projects\projets-ci-cd\github-actions-ci-cd-workflow\actions-runner\.runner'
[2023-06-01 21:54:39Z INFO Listener] Runner is built for Windows (X64) - win-x64.
[2023-06-01 21:54:39Z INFO Listener] RuntimeInformation: Microsoft Windows 10.0.19045.
[2023-06-01 21:54:39Z INFO Listener] Version: 2.304.0
[2023-06-01 21:54:39Z INFO Listener] Commit: 9ef4121b5b31ee5c03b7770288213d741081f747
[2023-06-01 21:54:39Z INFO Listener] Culture: fr-FR
[2023-06-01 21:54:39Z INFO Listener] UI Culture: fr-FR
[2023-06-01 21:54:39Z INFO HostContext] Well known directory 'Bin': 'D:\Projects\projets-ci-cd\github-actions-ci-cd-workflow\actions-runner\bin'
[2023-06-01 21:54:39Z INFO HostContext] Well known directory 'Root': 'D:\Projects\projets-ci-cd\github-actions-ci-cd-workflow\actions-runner'
[2023-06-01 21:54:39Z INFO Listener] Validating directory permissions for: 'D:\Projects\projets-ci-cd\github-actions-ci-cd-workflow\actions-runner'
[2023-06-01 21:54:39Z INFO CommandLineParser] Parse
[2023-06-01 21:54:39Z INFO CommandLineParser] Parsing 1 args
[2023-06-01 21:54:39Z INFO CommandLineParser] parsing argument
[2023-06-01 21:54:39Z INFO CommandLineParser] HasArgs: False
[2023-06-01 21:54:39Z INFO CommandLineParser] Adding Command: remove
[2023-06-01 21:54:39Z INFO Listener] Arguments parsed
[2023-06-01 21:54:39Z INFO Runner] ExecuteCommand
[2023-06-01 21:54:39Z INFO ConfigurationStore] currentAssemblyLocation: D:\Projects\projets-ci-cd\github-actions-ci-cd-workflow\actions-runner\bin\Runner.Listener.dll
[2023-06-01 21:54:39Z INFO HostContext] Well known directory 'Bin': 'D:\Projects\projets-ci-cd\github-actions-ci-cd-workflow\actions-runner\bin'
[2023-06-01 21:54:39Z INFO ConfigurationStore] binPath: D:\Projects\projets-ci-cd\github-actions-ci-cd-workflow\actions-runner\bin
[2023-06-01 21:54:39Z INFO HostContext] Well known directory 'Bin': 'D:\Projects\projets-ci-cd\github-actions-ci-cd-workflow\actions-runner\bin'
[2023-06-01 21:54:39Z INFO HostContext] Well known directory 'Root': 'D:\Projects\projets-ci-cd\github-actions-ci-cd-workflow\actions-runner'
[2023-06-01 21:54:39Z INFO ConfigurationStore] RootFolder: D:\Projects\projets-ci-cd\github-actions-ci-cd-workflow\actions-runner
[2023-06-01 21:54:39Z INFO HostContext] Well known directory 'Bin': 'D:\Projects\projets-ci-cd\github-actions-ci-cd-workflow\actions-runner\bin'
[2023-06-01 21:54:39Z INFO HostContext] Well known directory 'Root': 'D:\Projects\projets-ci-cd\github-actions-ci-cd-workflow\actions-runner'
[2023-06-01 21:54:39Z INFO HostContext] Well known config file 'Runner': 'D:\Projects\projets-ci-cd\github-actions-ci-cd-workflow\actions-runner\.runner'
[2023-06-01 21:54:39Z INFO ConfigurationStore] ConfigFilePath: D:\Projects\projets-ci-cd\github-actions-ci-cd-workflow\actions-runner\.runner
[2023-06-01 21:54:39Z INFO HostContext] Well known directory 'Bin': 'D:\Projects\projets-ci-cd\github-actions-ci-cd-workflow\actions-runner\bin'
[2023-06-01 21:54:39Z INFO HostContext] Well known directory 'Root': 'D:\Projects\projets-ci-cd\github-actions-ci-cd-workflow\actions-runner'
[2023-06-01 21:54:39Z INFO HostContext] Well known config file 'Credentials': 'D:\Projects\projets-ci-cd\github-actions-ci-cd-workflow\actions-runner\.credentials'
[2023-06-01 21:54:39Z INFO ConfigurationStore] CredFilePath: D:\Projects\projets-ci-cd\github-actions-ci-cd-workflow\actions-runner\.credentials
[2023-06-01 21:54:39Z INFO HostContext] Well known directory 'Bin': 'D:\Projects\projets-ci-cd\github-actions-ci-cd-workflow\actions-runner\bin'
[2023-06-01 21:54:39Z INFO HostContext] Well known directory 'Root': 'D:\Projects\projets-ci-cd\github-actions-ci-cd-workflow\actions-runner'
[2023-06-01 21:54:39Z INFO HostContext] Well known config file 'MigratedCredentials': 'D:\Projects\projets-ci-cd\github-actions-ci-cd-workflow\actions-runner\.credentials_migrated'
[2023-06-01 21:54:39Z INFO ConfigurationStore] MigratedCredFilePath: D:\Projects\projets-ci-cd\github-actions-ci-cd-workflow\actions-runner\.credentials_migrated
[2023-06-01 21:54:39Z INFO HostContext] Well known directory 'Bin': 'D:\Projects\projets-ci-cd\github-actions-ci-cd-workflow\actions-runner\bin'
[2023-06-01 21:54:39Z INFO HostContext] Well known directory 'Root': 'D:\Projects\projets-ci-cd\github-actions-ci-cd-workflow\actions-runner'
[2023-06-01 21:54:39Z INFO HostContext] Well known config file 'Service': 'D:\Projects\projets-ci-cd\github-actions-ci-cd-workflow\actions-runner\.service'
[2023-06-01 21:54:39Z INFO ConfigurationStore] ServiceConfigFilePath: D:\Projects\projets-ci-cd\github-actions-ci-cd-workflow\actions-runner\.service
[2023-06-01 21:54:39Z INFO CommandSettings] Flag 'help': 'False'
[2023-06-01 21:54:39Z INFO CommandSettings] Flag 'version': 'False'
[2023-06-01 21:54:39Z INFO CommandSettings] Flag 'commit': 'False'
[2023-06-01 21:54:39Z INFO CommandSettings] Flag 'check': 'False'
[2023-06-01 21:54:39Z INFO CommandSettings] Command 'configure': 'False'
[2023-06-01 21:54:39Z INFO CommandSettings] Command 'remove': 'True'
[2023-06-01 21:54:39Z INFO CommandSettings] Flag 'local': 'False'
[2023-06-01 21:54:39Z INFO ConfigurationStore] IsServiceConfigured()
[2023-06-01 21:54:39Z INFO ConfigurationStore] IsServiceConfigured: True
[2023-06-01 21:54:39Z INFO Terminal] WRITE LINE: Removing service
[2023-06-01 21:54:39Z INFO HostContext] Well known directory 'Bin': 'D:\Projects\projets-ci-cd\github-actions-ci-cd-workflow\actions-runner\bin'
[2023-06-01 21:54:39Z INFO HostContext] Well known directory 'Root': 'D:\Projects\projets-ci-cd\github-actions-ci-cd-workflow\actions-runner'
[2023-06-01 21:54:39Z INFO HostContext] Well known config file 'Service': 'D:\Projects\projets-ci-cd\github-actions-ci-cd-workflow\actions-runner\.service'
[2023-06-01 21:54:39Z INFO NativeWindowsServiceHelper] Successfully stopped the service
[2023-06-01 21:54:39Z INFO NativeWindowsServiceHelper] Trying to delete service actions.runner.monthebrice2000-github-actions-ci-cd-workflow.win11-laptop
[2023-06-01 21:54:39Z INFO NativeWindowsServiceHelper] successfully removed the service
[2023-06-01 21:54:39Z INFO HostContext] Well known directory 'Bin': 'D:\Projects\projets-ci-cd\github-actions-ci-cd-workflow\actions-runner\bin'
[2023-06-01 21:54:39Z INFO HostContext] Well known directory 'Root': 'D:\Projects\projets-ci-cd\github-actions-ci-cd-workflow\actions-runner'
[2023-06-01 21:54:39Z INFO ConfigurationStore] Read setting file: 323 chars
[2023-06-01 21:54:39Z INFO HostContext] Well known directory 'Bin': 'D:\Projects\projets-ci-cd\github-actions-ci-cd-workflow\actions-runner\bin'
[2023-06-01 21:54:39Z INFO HostContext] Well known directory 'Root': 'D:\Projects\projets-ci-cd\github-actions-ci-cd-workflow\actions-runner'
[2023-06-01 21:54:39Z INFO HostContext] Well known directory 'Work': 'D:\Projects\projets-ci-cd\github-actions-ci-cd-workflow\actions-runner\_work'
[2023-06-01 21:54:39Z INFO HostContext] Well known directory 'Bin': 'D:\Projects\projets-ci-cd\github-actions-ci-cd-workflow\actions-runner\bin'
[2023-06-01 21:54:39Z INFO NativeWindowsServiceHelper] Calculated unique group name GITHUB_ActionsRunner_Gab6a4
[2023-06-01 21:54:39Z INFO NativeWindowsServiceHelper] Remove the group GITHUB_ActionsRunner_Gab6a4 for the folder D:\Projects\projets-ci-cd\github-actions-ci-cd-workflow\actions-runner.
[2023-06-01 21:54:39Z INFO NativeWindowsServiceHelper] Remove the group GITHUB_ActionsRunner_Gab6a4 for the folder D:\Projects\projets-ci-cd\github-actions-ci-cd-workflow\actions-runner\_work.
[2023-06-01 21:54:39Z INFO NativeWindowsServiceHelper] Delete the group GITHUB_ActionsRunner_Gab6a4.
[2023-06-01 21:54:39Z INFO NativeWindowsServiceHelper] Local Group 'GITHUB_ActionsRunner_Gab6a4' deleted
[2023-06-01 21:54:39Z INFO Terminal] WRITE LINE: 
[2023-06-01 21:54:39Z INFO ConfigurationStore] IsConfigured()
[2023-06-01 21:54:39Z INFO ConfigurationStore] IsConfigured: True
[2023-06-01 21:54:39Z INFO ConfigurationStore] HasCredentials()
[2023-06-01 21:54:39Z INFO ConfigurationStore] stored True
[2023-06-01 21:54:39Z INFO CommandSettings] Arg 'token': ''
[2023-06-01 21:54:39Z INFO CommandSettings] Flag 'unattended': 'False'
[2023-06-01 21:54:39Z INFO PromptManager] ReadValue
[2023-06-01 21:54:39Z INFO Terminal] WRITE: Enter runner remove token: 
[2023-06-01 21:54:39Z INFO Terminal] READ SECRET
[2023-06-01 21:54:44Z INFO Terminal] Read value: '***'
[2023-06-01 21:54:45Z INFO ConfigurationManager] Http response code: OK from 'POST https://api.github.com/actions/runner-registration' (5AD1:70E0:A7AE90D:A92D16F:647913A5)
[2023-06-01 21:54:45Z INFO ConfigurationManager] cred retrieved via GitHub auth
[2023-06-01 21:54:45Z INFO RunnerServer] EstablishVssConnection
[2023-06-01 21:54:45Z INFO RunnerServer] Establish connection with 100 seconds timeout.
[2023-06-01 21:54:45Z INFO GitHubActionsService] Starting operation Location.GetConnectionData
[2023-06-01 21:54:45Z INFO RunnerServer] EstablishVssConnection
[2023-06-01 21:54:45Z INFO RunnerServer] Establish connection with 60 seconds timeout.
[2023-06-01 21:54:45Z INFO GitHubActionsService] Starting operation Location.GetConnectionData
[2023-06-01 21:54:45Z INFO RunnerServer] EstablishVssConnection
[2023-06-01 21:54:45Z INFO RunnerServer] Establish connection with 60 seconds timeout.
[2023-06-01 21:54:45Z INFO GitHubActionsService] Starting operation Location.GetConnectionData
[2023-06-01 21:54:45Z INFO GitHubActionsService] Finished operation Location.GetConnectionData
[2023-06-01 21:54:45Z INFO GitHubActionsService] Finished operation Location.GetConnectionData
[2023-06-01 21:54:45Z INFO GitHubActionsService] Finished operation Location.GetConnectionData
[2023-06-01 21:54:46Z INFO Terminal] WRITE LINE: 
[2023-06-01 21:54:46Z INFO ConfigurationStore] IsConfigured()
[2023-06-01 21:54:46Z INFO ConfigurationStore] IsConfigured: True
[2023-06-01 21:54:46Z INFO ConfigurationStore] HasCredentials()
[2023-06-01 21:54:46Z INFO ConfigurationStore] stored True
[2023-06-01 21:54:46Z INFO HostContext] Well known directory 'Bin': 'D:\Projects\projets-ci-cd\github-actions-ci-cd-workflow\actions-runner\bin'
[2023-06-01 21:54:46Z INFO HostContext] Well known directory 'Root': 'D:\Projects\projets-ci-cd\github-actions-ci-cd-workflow\actions-runner'
[2023-06-01 21:54:46Z INFO HostContext] Well known config file 'RSACredentials': 'D:\Projects\projets-ci-cd\github-actions-ci-cd-workflow\actions-runner\.credentials_rsaparams'
[2023-06-01 21:54:46Z INFO RSAEncryptedFileKeyManager] Deleting RSA key parameters file D:\Projects\projets-ci-cd\github-actions-ci-cd-workflow\actions-runner\.credentials_rsaparams
[2023-06-01 21:54:46Z INFO Terminal] WRITE LINE: 
[2023-06-01 21:54:46Z INFO Listener] Runner execution has finished with return code 0
