[2023-06-01 20:29:22Z INFO HostContext] No proxy settings were found based on environmental variables (http_proxy/https_proxy/HTTP_PROXY/HTTPS_PROXY)
[2023-06-01 20:29:22Z INFO HostContext] Well known directory 'Bin': 'D:\Projects\projets-ci-cd\github-actions-ci-cd-workflow\actions-runner\bin'
[2023-06-01 20:29:22Z INFO HostContext] Well known directory 'Root': 'D:\Projects\projets-ci-cd\github-actions-ci-cd-workflow\actions-runner'
[2023-06-01 20:29:22Z INFO HostContext] Well known config file 'Credentials': 'D:\Projects\projets-ci-cd\github-actions-ci-cd-workflow\actions-runner\.credentials'
[2023-06-01 20:29:22Z INFO HostContext] Well known directory 'Bin': 'D:\Projects\projets-ci-cd\github-actions-ci-cd-workflow\actions-runner\bin'
[2023-06-01 20:29:22Z INFO HostContext] Well known directory 'Root': 'D:\Projects\projets-ci-cd\github-actions-ci-cd-workflow\actions-runner'
[2023-06-01 20:29:22Z INFO HostContext] Well known config file 'Runner': 'D:\Projects\projets-ci-cd\github-actions-ci-cd-workflow\actions-runner\.runner'
[2023-06-01 20:29:22Z INFO Listener] Runner is built for Windows (X64) - win-x64.
[2023-06-01 20:29:22Z INFO Listener] RuntimeInformation: Microsoft Windows 10.0.19045.
[2023-06-01 20:29:22Z INFO Listener] Version: 2.304.0
[2023-06-01 20:29:22Z INFO Listener] Commit: 9ef4121b5b31ee5c03b7770288213d741081f747
[2023-06-01 20:29:22Z INFO Listener] Culture: fr-FR
[2023-06-01 20:29:22Z INFO Listener] UI Culture: fr-FR
[2023-06-01 20:29:22Z INFO HostContext] Well known directory 'Bin': 'D:\Projects\projets-ci-cd\github-actions-ci-cd-workflow\actions-runner\bin'
[2023-06-01 20:29:22Z INFO HostContext] Well known directory 'Root': 'D:\Projects\projets-ci-cd\github-actions-ci-cd-workflow\actions-runner'
[2023-06-01 20:29:22Z INFO Listener] Validating directory permissions for: 'D:\Projects\projets-ci-cd\github-actions-ci-cd-workflow\actions-runner'
[2023-06-01 20:29:22Z INFO CommandLineParser] Parse
[2023-06-01 20:29:22Z INFO CommandLineParser] Parsing 5 args
[2023-06-01 20:29:22Z INFO CommandLineParser] parsing argument
[2023-06-01 20:29:22Z INFO CommandLineParser] HasArgs: False
[2023-06-01 20:29:22Z INFO CommandLineParser] Adding Command: configure
[2023-06-01 20:29:22Z INFO CommandLineParser] parsing argument
[2023-06-01 20:29:22Z INFO CommandLineParser] HasArgs: True
[2023-06-01 20:29:22Z INFO CommandLineParser] arg: url
[2023-06-01 20:29:22Z INFO CommandLineParser] parsing argument
[2023-06-01 20:29:22Z INFO CommandLineParser] HasArgs: True
[2023-06-01 20:29:22Z INFO CommandLineParser] Adding option 'url': 'https://github.com/monthebrice2000/github-actions-ci-cd-workflow'
[2023-06-01 20:29:22Z INFO CommandLineParser] parsing argument
[2023-06-01 20:29:22Z INFO CommandLineParser] HasArgs: True
[2023-06-01 20:29:22Z INFO CommandLineParser] arg: token
[2023-06-01 20:29:22Z INFO CommandLineParser] parsing argument
[2023-06-01 20:29:22Z INFO CommandLineParser] HasArgs: True
[2023-06-01 20:29:22Z INFO CommandLineParser] Adding option 'token': '***'
[2023-06-01 20:29:22Z INFO Listener] Arguments parsed
[2023-06-01 20:29:22Z INFO Runner] ExecuteCommand
[2023-06-01 20:29:22Z INFO ConfigurationStore] currentAssemblyLocation: D:\Projects\projets-ci-cd\github-actions-ci-cd-workflow\actions-runner\bin\Runner.Listener.dll
[2023-06-01 20:29:22Z INFO HostContext] Well known directory 'Bin': 'D:\Projects\projets-ci-cd\github-actions-ci-cd-workflow\actions-runner\bin'
[2023-06-01 20:29:22Z INFO ConfigurationStore] binPath: D:\Projects\projets-ci-cd\github-actions-ci-cd-workflow\actions-runner\bin
[2023-06-01 20:29:22Z INFO HostContext] Well known directory 'Bin': 'D:\Projects\projets-ci-cd\github-actions-ci-cd-workflow\actions-runner\bin'
[2023-06-01 20:29:22Z INFO HostContext] Well known directory 'Root': 'D:\Projects\projets-ci-cd\github-actions-ci-cd-workflow\actions-runner'
[2023-06-01 20:29:22Z INFO ConfigurationStore] RootFolder: D:\Projects\projets-ci-cd\github-actions-ci-cd-workflow\actions-runner
[2023-06-01 20:29:22Z INFO HostContext] Well known directory 'Bin': 'D:\Projects\projets-ci-cd\github-actions-ci-cd-workflow\actions-runner\bin'
[2023-06-01 20:29:22Z INFO HostContext] Well known directory 'Root': 'D:\Projects\projets-ci-cd\github-actions-ci-cd-workflow\actions-runner'
[2023-06-01 20:29:22Z INFO HostContext] Well known config file 'Runner': 'D:\Projects\projets-ci-cd\github-actions-ci-cd-workflow\actions-runner\.runner'
[2023-06-01 20:29:22Z INFO ConfigurationStore] ConfigFilePath: D:\Projects\projets-ci-cd\github-actions-ci-cd-workflow\actions-runner\.runner
[2023-06-01 20:29:22Z INFO HostContext] Well known directory 'Bin': 'D:\Projects\projets-ci-cd\github-actions-ci-cd-workflow\actions-runner\bin'
[2023-06-01 20:29:22Z INFO HostContext] Well known directory 'Root': 'D:\Projects\projets-ci-cd\github-actions-ci-cd-workflow\actions-runner'
[2023-06-01 20:29:22Z INFO HostContext] Well known config file 'Credentials': 'D:\Projects\projets-ci-cd\github-actions-ci-cd-workflow\actions-runner\.credentials'
[2023-06-01 20:29:22Z INFO ConfigurationStore] CredFilePath: D:\Projects\projets-ci-cd\github-actions-ci-cd-workflow\actions-runner\.credentials
[2023-06-01 20:29:22Z INFO HostContext] Well known directory 'Bin': 'D:\Projects\projets-ci-cd\github-actions-ci-cd-workflow\actions-runner\bin'
[2023-06-01 20:29:22Z INFO HostContext] Well known directory 'Root': 'D:\Projects\projets-ci-cd\github-actions-ci-cd-workflow\actions-runner'
[2023-06-01 20:29:22Z INFO HostContext] Well known config file 'MigratedCredentials': 'D:\Projects\projets-ci-cd\github-actions-ci-cd-workflow\actions-runner\.credentials_migrated'
[2023-06-01 20:29:22Z INFO ConfigurationStore] MigratedCredFilePath: D:\Projects\projets-ci-cd\github-actions-ci-cd-workflow\actions-runner\.credentials_migrated
[2023-06-01 20:29:22Z INFO HostContext] Well known directory 'Bin': 'D:\Projects\projets-ci-cd\github-actions-ci-cd-workflow\actions-runner\bin'
[2023-06-01 20:29:22Z INFO HostContext] Well known directory 'Root': 'D:\Projects\projets-ci-cd\github-actions-ci-cd-workflow\actions-runner'
[2023-06-01 20:29:22Z INFO HostContext] Well known config file 'Service': 'D:\Projects\projets-ci-cd\github-actions-ci-cd-workflow\actions-runner\.service'
[2023-06-01 20:29:22Z INFO ConfigurationStore] ServiceConfigFilePath: D:\Projects\projets-ci-cd\github-actions-ci-cd-workflow\actions-runner\.service
[2023-06-01 20:29:22Z INFO CommandSettings] Flag 'help': 'False'
[2023-06-01 20:29:22Z INFO CommandSettings] Flag 'version': 'False'
[2023-06-01 20:29:22Z INFO CommandSettings] Flag 'commit': 'False'
[2023-06-01 20:29:22Z INFO CommandSettings] Flag 'check': 'False'
[2023-06-01 20:29:22Z INFO CommandSettings] Command 'configure': 'True'
[2023-06-01 20:29:22Z INFO Terminal] WRITE LINE: 
[2023-06-01 20:29:22Z INFO Terminal] WRITE LINE: --------------------------------------------------------------------------------
[2023-06-01 20:29:22Z INFO Terminal] WRITE LINE: |        ____ _ _   _   _       _          _        _   _                      |
[2023-06-01 20:29:22Z INFO Terminal] WRITE LINE: |       / ___(_) |_| | | |_   _| |__      / \   ___| |_(_) ___  _ __  ___      |
[2023-06-01 20:29:22Z INFO Terminal] WRITE LINE: |      | |  _| | __| |_| | | | | '_ \    / _ \ / __| __| |/ _ \| '_ \/ __|     |
[2023-06-01 20:29:22Z INFO Terminal] WRITE LINE: |      | |_| | | |_|  _  | |_| | |_) |  / ___ \ (__| |_| | (_) | | | \__ \     |
[2023-06-01 20:29:22Z INFO Terminal] WRITE LINE: |       \____|_|\__|_| |_|\__,_|_.__/  /_/   \_\___|\__|_|\___/|_| |_|___/     |
[2023-06-01 20:29:22Z INFO Terminal] WRITE LINE: |                                                                              |
[2023-06-01 20:29:22Z INFO Terminal] WRITE: |                       
[2023-06-01 20:29:22Z INFO Terminal] WRITE: Self-hosted runner registration
[2023-06-01 20:29:22Z INFO Terminal] WRITE LINE:                         |
[2023-06-01 20:29:22Z INFO Terminal] WRITE LINE: |                                                                              |
[2023-06-01 20:29:22Z INFO Terminal] WRITE LINE: --------------------------------------------------------------------------------
[2023-06-01 20:29:22Z INFO ConfigurationManager] ConfigureAsync
[2023-06-01 20:29:22Z INFO CommandSettings] Flag 'generateServiceConfig': 'False'
[2023-06-01 20:29:22Z INFO ConfigurationStore] IsConfigured()
[2023-06-01 20:29:22Z INFO ConfigurationStore] IsConfigured: False
[2023-06-01 20:29:22Z INFO ConfigurationManager] Is configured: False
[2023-06-01 20:29:22Z INFO CommandSettings] Arg 'url': 'https://github.com/monthebrice2000/github-actions-ci-cd-workflow'
[2023-06-01 20:29:22Z INFO CommandSettings] Remove url from Arg dictionary.
[2023-06-01 20:29:22Z INFO CommandSettings] Arg 'token': '***'
[2023-06-01 20:29:22Z INFO CommandSettings] Remove token from Arg dictionary.
[2023-06-01 20:29:25Z INFO ConfigurationManager] Http response code: OK from 'POST https://api.github.com/actions/runner-registration' (5907:8604:147C7AE:14AF1DD:6478FFA5)
[2023-06-01 20:29:25Z INFO Terminal] WRITE LINE: Using V2 flow: False
[2023-06-01 20:29:25Z INFO ConfigurationManager] cred retrieved via GitHub auth
[2023-06-01 20:29:25Z INFO RunnerServer] EstablishVssConnection
[2023-06-01 20:29:25Z INFO RunnerServer] Establish connection with 100 seconds timeout.
[2023-06-01 20:29:25Z INFO GitHubActionsService] Starting operation Location.GetConnectionData
[2023-06-01 20:29:25Z INFO RunnerServer] EstablishVssConnection
[2023-06-01 20:29:25Z INFO RunnerServer] Establish connection with 60 seconds timeout.
[2023-06-01 20:29:25Z INFO GitHubActionsService] Starting operation Location.GetConnectionData
[2023-06-01 20:29:25Z INFO RunnerServer] EstablishVssConnection
[2023-06-01 20:29:25Z INFO RunnerServer] Establish connection with 60 seconds timeout.
[2023-06-01 20:29:25Z INFO GitHubActionsService] Starting operation Location.GetConnectionData
[2023-06-01 20:29:27Z INFO GitHubActionsService] Finished operation Location.GetConnectionData
[2023-06-01 20:29:27Z INFO GitHubActionsService] Finished operation Location.GetConnectionData
[2023-06-01 20:29:27Z INFO GitHubActionsService] Finished operation Location.GetConnectionData
[2023-06-01 20:29:27Z INFO Terminal] WRITE LINE: 
[2023-06-01 20:29:27Z INFO ConfigurationManager] Test Connection complete.
[2023-06-01 20:29:27Z INFO HostContext] Well known directory 'Bin': 'D:\Projects\projets-ci-cd\github-actions-ci-cd-workflow\actions-runner\bin'
[2023-06-01 20:29:27Z INFO HostContext] Well known directory 'Root': 'D:\Projects\projets-ci-cd\github-actions-ci-cd-workflow\actions-runner'
[2023-06-01 20:29:27Z INFO HostContext] Well known config file 'RSACredentials': 'D:\Projects\projets-ci-cd\github-actions-ci-cd-workflow\actions-runner\.credentials_rsaparams'
[2023-06-01 20:29:27Z INFO RSAEncryptedFileKeyManager] Creating new RSA key using 2048-bit key length
[2023-06-01 20:29:27Z INFO RSAEncryptedFileKeyManager] Successfully saved RSA key parameters to file D:\Projects\projets-ci-cd\github-actions-ci-cd-workflow\actions-runner\.credentials_rsaparams
[2023-06-01 20:29:27Z INFO CommandSettings] Arg 'runnergroup': ''
[2023-06-01 20:29:27Z INFO CommandSettings] Flag 'unattended': 'False'
[2023-06-01 20:29:27Z INFO PromptManager] ReadValue
[2023-06-01 20:29:27Z INFO Terminal] WRITE: Enter the name of the runner group to add this runner to: 
[2023-06-01 20:29:27Z INFO Terminal] WRITE: [press Enter for Default] 
[2023-06-01 20:29:27Z INFO Terminal] READ LINE
[2023-06-01 20:29:29Z INFO Terminal] Read value: ''
[2023-06-01 20:29:29Z INFO PromptManager] Falling back to the default: 'Default'
[2023-06-01 20:29:29Z INFO Terminal] WRITE LINE: 
[2023-06-01 20:29:29Z INFO ConfigurationManager] Found a self-hosted runner group with id 1 and name Default
[2023-06-01 20:29:29Z INFO CommandSettings] Flag 'disableupdate': 'False'
[2023-06-01 20:29:29Z INFO CommandSettings] Flag 'ephemeral': 'False'
[2023-06-01 20:29:29Z INFO CommandSettings] Arg 'name': ''
[2023-06-01 20:29:29Z INFO CommandSettings] Flag 'unattended': 'False'
[2023-06-01 20:29:29Z INFO PromptManager] ReadValue
[2023-06-01 20:29:29Z INFO Terminal] WRITE: Enter the name of runner: 
[2023-06-01 20:29:29Z INFO Terminal] WRITE: [press Enter for DESKTOP-1EC01EM] 
[2023-06-01 20:29:29Z INFO Terminal] READ LINE
[2023-06-01 20:29:37Z INFO Terminal] Read value: 'win11-laptop'
[2023-06-01 20:29:37Z INFO Terminal] WRITE LINE: 
[2023-06-01 20:29:37Z INFO CommandSettings] Arg 'labels': ''
[2023-06-01 20:29:37Z INFO CommandSettings] Flag 'unattended': 'False'
[2023-06-01 20:29:37Z INFO PromptManager] ReadValue
[2023-06-01 20:29:37Z INFO Terminal] WRITE: This runner will have the following labels: 'self-hosted', 'Windows', 'X64' 
Enter any additional labels (ex. label-1,label-2): 
[2023-06-01 20:29:37Z INFO Terminal] WRITE: [press Enter to skip] 
[2023-06-01 20:29:37Z INFO Terminal] READ LINE
[2023-06-01 20:29:51Z INFO Terminal] Read value: 'self-hosted, runner'
[2023-06-01 20:29:51Z INFO Terminal] WRITE LINE: 
[2023-06-01 20:29:52Z INFO CommandSettings] Flag 'disableupdate': 'False'
[2023-06-01 20:29:52Z ERR  GitHubActionsService] POST request to https://pipelines.actions.githubusercontent.com/I8KIEmVJO5esUtDmpZFkryVG9m82GMigSxinjW3WSEVaVS0Lty/_apis/distributedtask/pools/1/agents failed. HTTP Status: BadRequest, AFD Ref: Ref A: FC48043A45D3472B8D1696975B4E976B Ref B: PRAEDGE1021 Ref C: 2023-06-01T20:29:53Z
[2023-06-01 20:29:52Z INFO CommandSettings] Flag 'unattended': 'False'
[2023-06-01 20:29:52Z ERR  Terminal] WRITE ERROR (exception):
[2023-06-01 20:29:52Z ERR  Terminal] GitHub.Services.WebApi.VssServiceResponseException: Label ' runner' is not valid. Labels must be less than 256 characters in length and may not start or end with whitespace characters. (Parameter 'agent.Labels.Name')
 ---> System.ArgumentException: Label ' runner' is not valid. Labels must be less than 256 characters in length and may not start or end with whitespace characters. (Parameter 'agent.Labels.Name')
   --- End of inner exception stack trace ---
   at GitHub.Services.WebApi.VssHttpClientBase.HandleResponseAsync(HttpResponseMessage response, CancellationToken cancellationToken)
   at GitHub.Services.WebApi.VssHttpClientBase.SendAsync(HttpRequestMessage message, HttpCompletionOption completionOption, Object userState, CancellationToken cancellationToken)
   at GitHub.Services.WebApi.VssHttpClientBase.SendAsync[T](HttpRequestMessage message, Object userState, CancellationToken cancellationToken)
   at GitHub.Services.WebApi.VssHttpClientBase.SendAsync[T](HttpMethod method, IEnumerable`1 additionalHeaders, Guid locationId, Object routeValues, ApiResourceVersion version, HttpContent content, IEnumerable`1 queryParameters, Object userState, CancellationToken cancellationToken)
   at GitHub.Runner.Listener.Configuration.ConfigurationManager.ConfigureAsync(CommandSettings command)
[2023-06-01 20:29:52Z ERR  Terminal] #####################################################
[2023-06-01 20:29:52Z ERR  Terminal] System.ArgumentException: Label ' runner' is not valid. Labels must be less than 256 characters in length and may not start or end with whitespace characters. (Parameter 'agent.Labels.Name')
[2023-06-01 20:29:52Z ERR  Terminal] WRITE ERROR: Failed to add the runner. Try again or ctrl-c to quit
[2023-06-01 20:29:52Z INFO CommandSettings] Flag 'disableupdate': 'False'
[2023-06-01 20:29:52Z INFO CommandSettings] Flag 'ephemeral': 'False'
[2023-06-01 20:29:52Z INFO CommandSettings] Arg 'name': ''
[2023-06-01 20:29:52Z INFO CommandSettings] Flag 'unattended': 'False'
[2023-06-01 20:29:52Z INFO PromptManager] ReadValue
[2023-06-01 20:29:52Z INFO Terminal] WRITE: Enter the name of runner: 
[2023-06-01 20:29:52Z INFO Terminal] WRITE: [press Enter for DESKTOP-1EC01EM] 
[2023-06-01 20:29:52Z INFO Terminal] READ LINE
[2023-06-01 20:30:01Z INFO Terminal] Read value: 'win11-laptop'
[2023-06-01 20:30:01Z INFO Terminal] WRITE LINE: 
[2023-06-01 20:30:01Z INFO CommandSettings] Arg 'labels': ''
[2023-06-01 20:30:01Z INFO CommandSettings] Flag 'unattended': 'False'
[2023-06-01 20:30:01Z INFO PromptManager] ReadValue
[2023-06-01 20:30:01Z INFO Terminal] WRITE: This runner will have the following labels: 'self-hosted', 'Windows', 'X64' 
Enter any additional labels (ex. label-1,label-2): 
[2023-06-01 20:30:01Z INFO Terminal] WRITE: [press Enter to skip] 
[2023-06-01 20:30:01Z INFO Terminal] READ LINE
[2023-06-01 20:30:14Z INFO Terminal] Read value: 'self-hosted, runner-ge'
[2023-06-01 20:30:14Z INFO Terminal] WRITE LINE: 
[2023-06-01 20:30:14Z INFO CommandSettings] Flag 'disableupdate': 'False'
[2023-06-01 20:30:15Z ERR  GitHubActionsService] POST request to https://pipelines.actions.githubusercontent.com/I8KIEmVJO5esUtDmpZFkryVG9m82GMigSxinjW3WSEVaVS0Lty/_apis/distributedtask/pools/1/agents failed. HTTP Status: BadRequest, AFD Ref: Ref A: DF5DA1BE56FF422A9863D2E3612F3C3E Ref B: PRAEDGE1021 Ref C: 2023-06-01T20:30:15Z
[2023-06-01 20:30:15Z INFO CommandSettings] Flag 'unattended': 'False'
[2023-06-01 20:30:15Z ERR  Terminal] WRITE ERROR (exception):
[2023-06-01 20:30:15Z ERR  Terminal] GitHub.Services.WebApi.VssServiceResponseException: Label ' runner-ge' is not valid. Labels must be less than 256 characters in length and may not start or end with whitespace characters. (Parameter 'agent.Labels.Name')
 ---> System.ArgumentException: Label ' runner-ge' is not valid. Labels must be less than 256 characters in length and may not start or end with whitespace characters. (Parameter 'agent.Labels.Name')
   --- End of inner exception stack trace ---
   at GitHub.Services.WebApi.VssHttpClientBase.HandleResponseAsync(HttpResponseMessage response, CancellationToken cancellationToken)
   at GitHub.Services.WebApi.VssHttpClientBase.SendAsync(HttpRequestMessage message, HttpCompletionOption completionOption, Object userState, CancellationToken cancellationToken)
   at GitHub.Services.WebApi.VssHttpClientBase.SendAsync[T](HttpRequestMessage message, Object userState, CancellationToken cancellationToken)
   at GitHub.Services.WebApi.VssHttpClientBase.SendAsync[T](HttpMethod method, IEnumerable`1 additionalHeaders, Guid locationId, Object routeValues, ApiResourceVersion version, HttpContent content, IEnumerable`1 queryParameters, Object userState, CancellationToken cancellationToken)
   at GitHub.Runner.Listener.Configuration.ConfigurationManager.ConfigureAsync(CommandSettings command)
[2023-06-01 20:30:15Z ERR  Terminal] #####################################################
[2023-06-01 20:30:15Z ERR  Terminal] System.ArgumentException: Label ' runner-ge' is not valid. Labels must be less than 256 characters in length and may not start or end with whitespace characters. (Parameter 'agent.Labels.Name')
[2023-06-01 20:30:15Z ERR  Terminal] WRITE ERROR: Failed to add the runner. Try again or ctrl-c to quit
[2023-06-01 20:30:15Z INFO CommandSettings] Flag 'disableupdate': 'False'
[2023-06-01 20:30:15Z INFO CommandSettings] Flag 'ephemeral': 'False'
[2023-06-01 20:30:15Z INFO CommandSettings] Arg 'name': ''
[2023-06-01 20:30:15Z INFO CommandSettings] Flag 'unattended': 'False'
[2023-06-01 20:30:15Z INFO PromptManager] ReadValue
[2023-06-01 20:30:15Z INFO Terminal] WRITE: Enter the name of runner: 
[2023-06-01 20:30:15Z INFO Terminal] WRITE: [press Enter for DESKTOP-1EC01EM] 
[2023-06-01 20:30:15Z INFO Terminal] READ LINE
[2023-06-01 20:30:23Z INFO Terminal] Read value: 'win11-laptop'
[2023-06-01 20:30:23Z INFO Terminal] WRITE LINE: 
[2023-06-01 20:30:23Z INFO CommandSettings] Arg 'labels': ''
[2023-06-01 20:30:23Z INFO CommandSettings] Flag 'unattended': 'False'
[2023-06-01 20:30:23Z INFO PromptManager] ReadValue
[2023-06-01 20:30:23Z INFO Terminal] WRITE: This runner will have the following labels: 'self-hosted', 'Windows', 'X64' 
Enter any additional labels (ex. label-1,label-2): 
[2023-06-01 20:30:23Z INFO Terminal] WRITE: [press Enter to skip] 
[2023-06-01 20:30:23Z INFO Terminal] READ LINE
[2023-06-01 20:30:27Z INFO Terminal] Read value: 'self-hosted'
[2023-06-01 20:30:27Z INFO Terminal] WRITE LINE: 
[2023-06-01 20:30:27Z INFO CommandSettings] Flag 'disableupdate': 'False'
[2023-06-01 20:30:27Z INFO CommandSettings] Flag 'disableupdate': 'False'
[2023-06-01 20:30:27Z INFO CommandSettings] Flag 'ephemeral': 'False'
[2023-06-01 20:30:27Z INFO ConfigurationStore] Saving OAuth credential @ D:\Projects\projets-ci-cd\github-actions-ci-cd-workflow\actions-runner\.credentials
[2023-06-01 20:30:27Z INFO ConfigurationStore] Credentials Saved.
[2023-06-01 20:30:27Z INFO ConfigurationStore] HasCredentials()
[2023-06-01 20:30:27Z INFO ConfigurationStore] stored True
[2023-06-01 20:30:27Z INFO CredentialManager] GetCredentialProvider
[2023-06-01 20:30:27Z INFO CredentialManager] Creating type OAuth
[2023-06-01 20:30:27Z INFO CredentialManager] Creating credential type: OAuth
[2023-06-01 20:30:27Z INFO RSAEncryptedFileKeyManager] Loading RSA key parameters from file D:\Projects\projets-ci-cd\github-actions-ci-cd-workflow\actions-runner\.credentials_rsaparams
[2023-06-01 20:30:28Z INFO RunnerServer] EstablishVssConnection
[2023-06-01 20:30:28Z INFO RunnerServer] Establish connection with 100 seconds timeout.
[2023-06-01 20:30:28Z INFO GitHubActionsService] Starting operation Location.GetConnectionData
[2023-06-01 20:30:28Z INFO RunnerServer] EstablishVssConnection
[2023-06-01 20:30:28Z INFO RunnerServer] Establish connection with 60 seconds timeout.
[2023-06-01 20:30:28Z INFO GitHubActionsService] Starting operation Location.GetConnectionData
[2023-06-01 20:30:28Z INFO RunnerServer] EstablishVssConnection
[2023-06-01 20:30:28Z INFO RunnerServer] Establish connection with 60 seconds timeout.
[2023-06-01 20:30:28Z INFO GitHubActionsService] Starting operation Location.GetConnectionData
[2023-06-01 20:30:28Z INFO GitHubActionsService] Finished operation Location.GetConnectionData
[2023-06-01 20:30:28Z INFO GitHubActionsService] Finished operation Location.GetConnectionData
[2023-06-01 20:30:28Z INFO GitHubActionsService] Finished operation Location.GetConnectionData
[2023-06-01 20:30:29Z INFO RSAEncryptedFileKeyManager] Loading RSA key parameters from file D:\Projects\projets-ci-cd\github-actions-ci-cd-workflow\actions-runner\.credentials_rsaparams
[2023-06-01 20:30:29Z INFO RSAEncryptedFileKeyManager] Loading RSA key parameters from file D:\Projects\projets-ci-cd\github-actions-ci-cd-workflow\actions-runner\.credentials_rsaparams
[2023-06-01 20:30:29Z INFO GitHubActionsService] AAD Correlation ID for this token request: Unknown
[2023-06-01 20:30:29Z INFO CommandSettings] Arg 'work': ''
[2023-06-01 20:30:29Z INFO CommandSettings] Flag 'unattended': 'False'
[2023-06-01 20:30:29Z INFO PromptManager] ReadValue
[2023-06-01 20:30:29Z INFO Terminal] WRITE: Enter name of work folder: 
[2023-06-01 20:30:29Z INFO Terminal] WRITE: [press Enter for _work] 
[2023-06-01 20:30:29Z INFO Terminal] READ LINE
[2023-06-01 20:30:34Z INFO Terminal] Read value: ''
[2023-06-01 20:30:34Z INFO PromptManager] Falling back to the default: '_work'
[2023-06-01 20:30:34Z INFO ConfigurationStore] Saving runner settings.
[2023-06-01 20:30:34Z INFO ConfigurationStore] Settings Saved.
[2023-06-01 20:30:34Z INFO Terminal] WRITE LINE: 
[2023-06-01 20:30:34Z INFO Terminal] WRITE LINE: 
[2023-06-01 20:30:34Z INFO CommandSettings] Flag 'runasservice': 'False'
[2023-06-01 20:30:34Z INFO CommandSettings] Flag 'unattended': 'False'
[2023-06-01 20:30:34Z INFO PromptManager] ReadValue
[2023-06-01 20:30:34Z INFO Terminal] WRITE: Would you like to run the runner as service? (Y/N) 
[2023-06-01 20:30:34Z INFO Terminal] WRITE: [press Enter for N] 
[2023-06-01 20:30:34Z INFO Terminal] READ LINE
[2023-06-01 20:30:39Z INFO Terminal] Read value: 'Y'
[2023-06-01 20:30:39Z INFO ConfigurationManager] Configuring to run the agent as service
[2023-06-01 20:30:39Z ERR  WindowsServiceControlManager] Needs Administrator privileges for configure runner as windows service.
[2023-06-01 20:30:39Z ERR  Runner] System.Security.SecurityException: Needs Administrator privileges for configuring runner as windows service.
   at GitHub.Runner.Listener.Configuration.WindowsServiceControlManager.ConfigureService(RunnerSettings settings, CommandSettings command)
   at GitHub.Runner.Listener.Configuration.ConfigurationManager.ConfigureAsync(CommandSettings command)
   at GitHub.Runner.Listener.Runner.ExecuteCommand(CommandSettings command)
[2023-06-01 20:30:39Z ERR  Terminal] WRITE ERROR: Needs Administrator privileges for configuring runner as windows service.
[2023-06-01 20:30:39Z INFO Listener] Runner execution has finished with return code 1
