[2023-06-01 21:47:09Z INFO HostContext] No proxy settings were found based on environmental variables (http_proxy/https_proxy/HTTP_PROXY/HTTPS_PROXY)
[2023-06-01 21:47:09Z INFO HostContext] Well known directory 'Bin': 'D:\Projects\projets-ci-cd\github-actions-ci-cd-workflow\actions-runner\bin'
[2023-06-01 21:47:09Z INFO HostContext] Well known directory 'Root': 'D:\Projects\projets-ci-cd\github-actions-ci-cd-workflow\actions-runner'
[2023-06-01 21:47:09Z INFO HostContext] Well known config file 'Credentials': 'D:\Projects\projets-ci-cd\github-actions-ci-cd-workflow\actions-runner\.credentials'
[2023-06-01 21:47:09Z INFO HostContext] Well known directory 'Bin': 'D:\Projects\projets-ci-cd\github-actions-ci-cd-workflow\actions-runner\bin'
[2023-06-01 21:47:09Z INFO HostContext] Well known directory 'Root': 'D:\Projects\projets-ci-cd\github-actions-ci-cd-workflow\actions-runner'
[2023-06-01 21:47:09Z INFO HostContext] Well known config file 'Runner': 'D:\Projects\projets-ci-cd\github-actions-ci-cd-workflow\actions-runner\.runner'
[2023-06-01 21:47:09Z INFO Listener] Runner is built for Windows (X64) - win-x64.
[2023-06-01 21:47:09Z INFO Listener] RuntimeInformation: Microsoft Windows 10.0.19045.
[2023-06-01 21:47:09Z INFO Listener] Version: 2.304.0
[2023-06-01 21:47:09Z INFO Listener] Commit: 9ef4121b5b31ee5c03b7770288213d741081f747
[2023-06-01 21:47:09Z INFO Listener] Culture: fr-FR
[2023-06-01 21:47:09Z INFO Listener] UI Culture: fr-FR
[2023-06-01 21:47:09Z INFO HostContext] Well known directory 'Bin': 'D:\Projects\projets-ci-cd\github-actions-ci-cd-workflow\actions-runner\bin'
[2023-06-01 21:47:09Z INFO HostContext] Well known directory 'Root': 'D:\Projects\projets-ci-cd\github-actions-ci-cd-workflow\actions-runner'
[2023-06-01 21:47:09Z INFO Listener] Validating directory permissions for: 'D:\Projects\projets-ci-cd\github-actions-ci-cd-workflow\actions-runner'
[2023-06-01 21:47:09Z INFO CommandLineParser] Parse
[2023-06-01 21:47:09Z INFO CommandLineParser] Parsing 1 args
[2023-06-01 21:47:09Z INFO CommandLineParser] parsing argument
[2023-06-01 21:47:09Z INFO CommandLineParser] HasArgs: False
[2023-06-01 21:47:09Z INFO CommandLineParser] Adding Command: remove
[2023-06-01 21:47:09Z INFO Listener] Arguments parsed
[2023-06-01 21:47:09Z INFO Runner] ExecuteCommand
[2023-06-01 21:47:09Z INFO ConfigurationStore] currentAssemblyLocation: D:\Projects\projets-ci-cd\github-actions-ci-cd-workflow\actions-runner\bin\Runner.Listener.dll
[2023-06-01 21:47:09Z INFO HostContext] Well known directory 'Bin': 'D:\Projects\projets-ci-cd\github-actions-ci-cd-workflow\actions-runner\bin'
[2023-06-01 21:47:09Z INFO ConfigurationStore] binPath: D:\Projects\projets-ci-cd\github-actions-ci-cd-workflow\actions-runner\bin
[2023-06-01 21:47:09Z INFO HostContext] Well known directory 'Bin': 'D:\Projects\projets-ci-cd\github-actions-ci-cd-workflow\actions-runner\bin'
[2023-06-01 21:47:09Z INFO HostContext] Well known directory 'Root': 'D:\Projects\projets-ci-cd\github-actions-ci-cd-workflow\actions-runner'
[2023-06-01 21:47:09Z INFO ConfigurationStore] RootFolder: D:\Projects\projets-ci-cd\github-actions-ci-cd-workflow\actions-runner
[2023-06-01 21:47:09Z INFO HostContext] Well known directory 'Bin': 'D:\Projects\projets-ci-cd\github-actions-ci-cd-workflow\actions-runner\bin'
[2023-06-01 21:47:09Z INFO HostContext] Well known directory 'Root': 'D:\Projects\projets-ci-cd\github-actions-ci-cd-workflow\actions-runner'
[2023-06-01 21:47:09Z INFO HostContext] Well known config file 'Runner': 'D:\Projects\projets-ci-cd\github-actions-ci-cd-workflow\actions-runner\.runner'
[2023-06-01 21:47:09Z INFO ConfigurationStore] ConfigFilePath: D:\Projects\projets-ci-cd\github-actions-ci-cd-workflow\actions-runner\.runner
[2023-06-01 21:47:09Z INFO HostContext] Well known directory 'Bin': 'D:\Projects\projets-ci-cd\github-actions-ci-cd-workflow\actions-runner\bin'
[2023-06-01 21:47:09Z INFO HostContext] Well known directory 'Root': 'D:\Projects\projets-ci-cd\github-actions-ci-cd-workflow\actions-runner'
[2023-06-01 21:47:09Z INFO HostContext] Well known config file 'Credentials': 'D:\Projects\projets-ci-cd\github-actions-ci-cd-workflow\actions-runner\.credentials'
[2023-06-01 21:47:09Z INFO ConfigurationStore] CredFilePath: D:\Projects\projets-ci-cd\github-actions-ci-cd-workflow\actions-runner\.credentials
[2023-06-01 21:47:09Z INFO HostContext] Well known directory 'Bin': 'D:\Projects\projets-ci-cd\github-actions-ci-cd-workflow\actions-runner\bin'
[2023-06-01 21:47:09Z INFO HostContext] Well known directory 'Root': 'D:\Projects\projets-ci-cd\github-actions-ci-cd-workflow\actions-runner'
[2023-06-01 21:47:09Z INFO HostContext] Well known config file 'MigratedCredentials': 'D:\Projects\projets-ci-cd\github-actions-ci-cd-workflow\actions-runner\.credentials_migrated'
[2023-06-01 21:47:09Z INFO ConfigurationStore] MigratedCredFilePath: D:\Projects\projets-ci-cd\github-actions-ci-cd-workflow\actions-runner\.credentials_migrated
[2023-06-01 21:47:09Z INFO HostContext] Well known directory 'Bin': 'D:\Projects\projets-ci-cd\github-actions-ci-cd-workflow\actions-runner\bin'
[2023-06-01 21:47:09Z INFO HostContext] Well known directory 'Root': 'D:\Projects\projets-ci-cd\github-actions-ci-cd-workflow\actions-runner'
[2023-06-01 21:47:09Z INFO HostContext] Well known config file 'Service': 'D:\Projects\projets-ci-cd\github-actions-ci-cd-workflow\actions-runner\.service'
[2023-06-01 21:47:09Z INFO ConfigurationStore] ServiceConfigFilePath: D:\Projects\projets-ci-cd\github-actions-ci-cd-workflow\actions-runner\.service
[2023-06-01 21:47:09Z INFO CommandSettings] Flag 'help': 'False'
[2023-06-01 21:47:09Z INFO CommandSettings] Flag 'version': 'False'
[2023-06-01 21:47:09Z INFO CommandSettings] Flag 'commit': 'False'
[2023-06-01 21:47:09Z INFO CommandSettings] Flag 'check': 'False'
[2023-06-01 21:47:09Z INFO CommandSettings] Command 'configure': 'False'
[2023-06-01 21:47:09Z INFO CommandSettings] Command 'remove': 'True'
[2023-06-01 21:47:09Z INFO CommandSettings] Flag 'local': 'False'
[2023-06-01 21:47:09Z INFO ConfigurationStore] IsServiceConfigured()
[2023-06-01 21:47:09Z INFO ConfigurationStore] IsServiceConfigured: False
[2023-06-01 21:47:09Z INFO ConfigurationStore] IsConfigured()
[2023-06-01 21:47:09Z INFO ConfigurationStore] IsConfigured: True
[2023-06-01 21:47:09Z INFO ConfigurationStore] HasCredentials()
[2023-06-01 21:47:09Z INFO ConfigurationStore] stored True
[2023-06-01 21:47:09Z INFO ConfigurationStore] Read setting file: 323 chars
[2023-06-01 21:47:09Z INFO CommandSettings] Arg 'token': ''
[2023-06-01 21:47:09Z INFO CommandSettings] Flag 'unattended': 'False'
[2023-06-01 21:47:09Z INFO PromptManager] ReadValue
[2023-06-01 21:47:09Z INFO Terminal] WRITE: Enter runner remove token: 
[2023-06-01 21:47:09Z INFO Terminal] READ SECRET
[2023-06-01 21:47:38Z INFO Terminal] Read value: '***'
[2023-06-01 21:47:38Z INFO ConfigurationManager] Http response code: OK from 'POST https://api.github.com/actions/runner-registration' (5A7F:51B5:7F57348:80A82A1:647911FB)
[2023-06-01 21:47:38Z INFO ConfigurationManager] cred retrieved via GitHub auth
[2023-06-01 21:47:38Z INFO RunnerServer] EstablishVssConnection
[2023-06-01 21:47:38Z INFO RunnerServer] Establish connection with 100 seconds timeout.
[2023-06-01 21:47:39Z INFO GitHubActionsService] Starting operation Location.GetConnectionData
[2023-06-01 21:47:39Z INFO RunnerServer] EstablishVssConnection
[2023-06-01 21:47:39Z INFO RunnerServer] Establish connection with 60 seconds timeout.
[2023-06-01 21:47:39Z INFO GitHubActionsService] Starting operation Location.GetConnectionData
[2023-06-01 21:47:39Z INFO RunnerServer] EstablishVssConnection
[2023-06-01 21:47:39Z INFO RunnerServer] Establish connection with 60 seconds timeout.
[2023-06-01 21:47:39Z INFO GitHubActionsService] Starting operation Location.GetConnectionData
[2023-06-01 21:47:39Z INFO GitHubActionsService] Finished operation Location.GetConnectionData
[2023-06-01 21:47:39Z INFO GitHubActionsService] Finished operation Location.GetConnectionData
[2023-06-01 21:47:39Z INFO GitHubActionsService] Finished operation Location.GetConnectionData
[2023-06-01 21:47:40Z INFO Terminal] WRITE LINE: 
[2023-06-01 21:47:40Z INFO ConfigurationStore] IsConfigured()
[2023-06-01 21:47:40Z INFO ConfigurationStore] IsConfigured: True
[2023-06-01 21:47:40Z INFO ConfigurationStore] HasCredentials()
[2023-06-01 21:47:40Z INFO ConfigurationStore] stored True
[2023-06-01 21:47:40Z INFO HostContext] Well known directory 'Bin': 'D:\Projects\projets-ci-cd\github-actions-ci-cd-workflow\actions-runner\bin'
[2023-06-01 21:47:40Z INFO HostContext] Well known directory 'Root': 'D:\Projects\projets-ci-cd\github-actions-ci-cd-workflow\actions-runner'
[2023-06-01 21:47:40Z INFO HostContext] Well known config file 'RSACredentials': 'D:\Projects\projets-ci-cd\github-actions-ci-cd-workflow\actions-runner\.credentials_rsaparams'
[2023-06-01 21:47:40Z INFO RSAEncryptedFileKeyManager] Deleting RSA key parameters file D:\Projects\projets-ci-cd\github-actions-ci-cd-workflow\actions-runner\.credentials_rsaparams
[2023-06-01 21:47:40Z INFO Terminal] WRITE LINE: 
[2023-06-01 21:47:40Z INFO Listener] Runner execution has finished with return code 0
